database/journey-connect-db-v2.7/01_initial_schema.sql: OK
database/journey-connect-db-v2.7/02_seed.sql: OK
database/journey-connect-db-v2.7/03_smoke_test.sql: OK
database/journey-connect-db-v2.7/04_admin_support.sql: OK
database/journey-connect-db-v2.7/05_security_roles.sql: OK
database/journey-connect-db-v2.7/06_security_smoke_test.sql: OK
database/journey-connect-db-v2.7/07_recommendation_storage.sql: OK
database/journey-connect-db-v2.7/08_recommendation_security_roles.sql: OK
database/journey-connect-db-v2.7/09_recommendation_smoke_test.sql: OK
database/journey-connect-db-v2.7/10_backend_runtime.sql: OK
database/journey-connect-db-v2.7/11_backend_runtime_security_roles.sql: OK
database/journey-connect-db-v2.7/12_backend_runtime_smoke_test.sql: OK
database/journey-connect-db-v2.7/13_backend_role_routing.sql: OK
database/journey-connect-db-v2.7/14_backend_role_routing_smoke_test.sql: OK
database/journey-connect-db-v2.7/15_backend_role_runtime_fix.sql: OK
database/journey-connect-db-v2.7/16_backend_role_runtime_fix_smoke_test.sql: OK
database/journey-connect-db-v2.7/17_recommendation_run_exploration_partition_fix.sql: OK
database/journey-connect-db-v2.7/18_recommendation_run_exploration_partition_fix_smoke_test.sql: OK
database/journey-connect-db-v2.7/19_recommendation_replay_audit.sql: OK
database/journey-connect-db-v2.7/20_recommendation_replay_audit_smoke_test.sql: OK
database/journey-connect-db-v2.7/21_recommendation_behavior_runtime.sql: OK
database/journey-connect-db-v2.7/22_recommendation_behavior_runtime_smoke_test.sql: OK
database/journey-connect-db-v2.7/23_recommendation_p1_profile_policy.sql: OK
database/journey-connect-db-v2.7/24_recommendation_p1_profile_policy_smoke_test.sql: OK
database/journey-connect-db-v2.7/25_recommendation_p2_evaluation_release.sql: OK
database/journey-connect-db-v2.7/26_recommendation_p2_evaluation_release_smoke_test.sql: OK
