> Task :checkKotlinGradlePluginConfigurationErrors
> Task :jc-recommendation-core:compileJava
> Task :compileKotlin

> Task :compileJava

> Task :processResources
> Task :classes
> Task :compileTestKotlin NO-SOURCE
> Task :compileTestJava
> Task :processTestResources
> Task :testClasses
> Task :jc-recommendation-core:processResources NO-SOURCE
> Task :jc-recommendation-core:classes
> Task :jc-recommendation-core:jar
> Task :p1ContractVerification

[Incubating] Problems report is available at: file:///mnt/data/p1finalwork/jc-backend/build/reports/problems/problems-report.html

Deprecated Gradle features were used in this build, making it incompatible with Gradle 9.0.

You can use '--warning-mode all' to show the individual deprecation warnings and determine if they come from your own scripts or plugins.

For more on this, please refer to https://docs.gradle.org/8.14.5/userguide/command_line_interface.html#sec:command_line_warnings in the Gradle documentation.

BUILD SUCCESSFUL in 17s
9 actionable tasks: 9 executed
