To honour the JVM settings for this build a single-use Daemon process will be forked. For more on this, please refer to https://docs.gradle.org/8.14.5/userguide/gradle_daemon.html#sec:disabling_the_daemon in the Gradle documentation.
Daemon will be stopped at the end of the build 
> Task :checkKotlinGradlePluginConfigurationErrors
> Task :jc-recommendation-core:compileJava
> Task :processResources UP-TO-DATE
> Task :processTestResources
> Task :jc-recommendation-core:processResources NO-SOURCE
> Task :jc-recommendation-core:classes
> Task :jc-recommendation-core:jar
> Task :compileKotlin
> Task :compileJava
> Task :classes
> Task :compileTestKotlin NO-SOURCE
> Task :compileTestJava
> Task :testClasses
> Task :p0Verification
> Task :p1ContractVerification
> Task :p2ContractVerification

[Incubating] Problems report is available at: file:///mnt/data/p2work/Journey-Connect-P1-Final-Validation-Batch17/jc-backend/build/reports/problems/problems-report.html

Deprecated Gradle features were used in this build, making it incompatible with Gradle 9.0.

You can use '--warning-mode all' to show the individual deprecation warnings and determine if they come from your own scripts or plugins.

For more on this, please refer to https://docs.gradle.org/8.14.5/userguide/command_line_interface.html#sec:command_line_warnings in the Gradle documentation.

BUILD SUCCESSFUL in 28s
11 actionable tasks: 10 executed, 1 up-to-date
