To honour the JVM settings for this build a single-use Daemon process will be forked. For more on this, please refer to https://docs.gradle.org/8.14.5/userguide/gradle_daemon.html#sec:disabling_the_daemon in the Gradle documentation.
Daemon will be stopped at the end of the build 
> Task :checkKotlinGradlePluginConfigurationErrors
> Task :jc-recommendation-core:compileJava UP-TO-DATE
> Task :processResources UP-TO-DATE
> Task :processTestResources UP-TO-DATE
> Task :jc-recommendation-core:processResources NO-SOURCE
> Task :jc-recommendation-core:classes UP-TO-DATE
> Task :jc-recommendation-core:jar UP-TO-DATE
> Task :compileKotlin

> Task :compileJava
Note: /mnt/data/p2work/Journey-Connect-P1-Final-Validation-Batch17/jc-backend/src/main/java/com/jc/backend/recommendation/application/RecommendationCanonicalPayload.java uses or overrides a deprecated API.
Note: Recompile with -Xlint:deprecation for details.

> Task :classes
> Task :compileTestKotlin NO-SOURCE
> Task :compileTestJava
> Task :testClasses
> Task :p2ContractVerification

[Incubating] Problems report is available at: file:///mnt/data/p2work/Journey-Connect-P1-Final-Validation-Batch17/jc-backend/build/reports/problems/problems-report.html

Deprecated Gradle features were used in this build, making it incompatible with Gradle 9.0.

You can use '--warning-mode all' to show the individual deprecation warnings and determine if they come from your own scripts or plugins.

For more on this, please refer to https://docs.gradle.org/8.14.5/userguide/command_line_interface.html#sec:command_line_warnings in the Gradle documentation.

BUILD SUCCESSFUL in 50s
9 actionable tasks: 5 executed, 4 up-to-date
