To honour the JVM settings for this build a single-use Daemon process will be forked. For more on this, please refer to https://docs.gradle.org/8.14.5/userguide/gradle_daemon.html#sec:disabling_the_daemon in the Gradle documentation.
Daemon will be stopped at the end of the build 
> Task :clean
> Task :compileJava
> Task :processResources NO-SOURCE
> Task :classes
> Task :compileTestJava
> Task :processTestResources
> Task :testClasses

> Task :coreFoundationContractTest
Java recommendation core foundation contract: PASS

> Task :coreWave1ContractTest
Java recommendation core Wave 1 contract: PASS

> Task :coreWave2ScoringContractTest
Java recommendation core Wave 2 scoring contract: PASS

> Task :coreWave3ExplorationContractTest
Java recommendation core Wave 3 exploration contract: PASS

> Task :coreWave3RankingDiversityContractTest
Java recommendation core Wave 3 ranking/diversity contract: PASS

> Task :coreWave4RankingIntegrationContractTest
Java recommendation core Wave 4 ranking integration contract: PASS

> Task :coreWave5ExposureContractTest
Java recommendation core Wave 5 exposure contract: PASS

> Task :coreWave6AttributionContractTest
Java recommendation core Wave 6 behavior and attribution contract: PASS

> Task :coreWave7OfflineEvaluationContractTest
Java recommendation core Wave 7 offline evaluation contract: PASS

> Task :javaCoreGoldenFixtureContractTest
Java recommendation core committed golden fixtures: PASS

> Task :javaCoreIsolationContractTest
Java recommendation core framework isolation: PASS

> Task :p1CoreContractTest
P1 core contract: PASS (17 scenarios)

> Task :p2CoreContractTest
P2 core contract: PASS (23 scenarios)

> Task :test
> Task :check

[Incubating] Problems report is available at: file:///mnt/data/p2work/Journey-Connect-P1-Final-Validation-Batch17/jc-recommendation-core/build/reports/problems/problems-report.html

Deprecated Gradle features were used in this build, making it incompatible with Gradle 9.0.

You can use '--warning-mode all' to show the individual deprecation warnings and determine if they come from your own scripts or plugins.

For more on this, please refer to https://docs.gradle.org/8.14.5/userguide/command_line_interface.html#sec:command_line_warnings in the Gradle documentation.

BUILD SUCCESSFUL in 17s
18 actionable tasks: 18 executed
