jc-recommendation-core/src/main/java/com/jc/recommendation/canonical/CanonicalJson.java: OK
jc-recommendation-core/src/main/java/com/jc/recommendation/canonical/JsonWire.java: OK
jc-recommendation-core/src/main/java/com/jc/recommendation/canonical/StrictJsonParser.java: OK
jc-recommendation-core/src/main/java/com/jc/recommendation/context/ContextContracts.java: OK
jc-recommendation-core/src/main/java/com/jc/recommendation/context/ContextEligibilityEvaluator.java: OK
jc-recommendation-core/src/main/java/com/jc/recommendation/context/ContextMatchCalculator.java: OK
jc-recommendation-core/src/main/java/com/jc/recommendation/decay/RepeatDecay.java: OK
jc-recommendation-core/src/main/java/com/jc/recommendation/decay/TimeDecay.java: OK
jc-recommendation-core/src/main/java/com/jc/recommendation/diversity/DiversityContracts.java: OK
jc-recommendation-core/src/main/java/com/jc/recommendation/diversity/DiversityReranker.java: OK
jc-recommendation-core/src/main/java/com/jc/recommendation/evaluation/RecommendationBehaviorEventResolver.java: OK
jc-recommendation-core/src/main/java/com/jc/recommendation/evaluation/RecommendationOutcomeAttributor.java: OK
jc-recommendation-core/src/main/java/com/jc/recommendation/exploration/ExplorationCandidateInserter.java: OK
jc-recommendation-core/src/main/java/com/jc/recommendation/exploration/ExplorationContracts.java: OK
jc-recommendation-core/src/main/java/com/jc/recommendation/exploration/ExplorationSeed.java: OK
jc-recommendation-core/src/main/java/com/jc/recommendation/exposure/RecommendationExposureEventBuilder.java: OK
jc-recommendation-core/src/main/java/com/jc/recommendation/exposure/RecommendationExposureEventResolver.java: OK
jc-recommendation-core/src/main/java/com/jc/recommendation/exposure/RecommendationTraceCanonical.java: OK
jc-recommendation-core/src/main/java/com/jc/recommendation/exposure/RecommendationTraceContracts.java: OK
jc-recommendation-core/src/main/java/com/jc/recommendation/freshness/FreshnessCalculator.java: OK
jc-recommendation-core/src/main/java/com/jc/recommendation/integration/DiversityEnabledRanker.java: OK
jc-recommendation-core/src/main/java/com/jc/recommendation/integration/ExplorationEnabledRanker.java: OK
jc-recommendation-core/src/main/java/com/jc/recommendation/integration/IntegrationCursorSupport.java: OK
jc-recommendation-core/src/main/java/com/jc/recommendation/integration/RankingCursorV2Codec.java: OK
jc-recommendation-core/src/main/java/com/jc/recommendation/integration/RankingCursorV3Codec.java: OK
jc-recommendation-core/src/main/java/com/jc/recommendation/integration/RankingIntegrationContracts.java: OK
jc-recommendation-core/src/main/java/com/jc/recommendation/integration/RankingIntegrationMapper.java: OK
jc-recommendation-core/src/main/java/com/jc/recommendation/interest/ExplicitInterestSignalBuilder.java: OK
jc-recommendation-core/src/main/java/com/jc/recommendation/interest/InterestMatchCalculator.java: OK
jc-recommendation-core/src/main/java/com/jc/recommendation/limit/CandidateLimiter.java: OK
jc-recommendation-core/src/main/java/com/jc/recommendation/model/context/CalculateContextMatchInput.java: OK
jc-recommendation-core/src/main/java/com/jc/recommendation/model/context/ContextClause.java: OK
jc-recommendation-core/src/main/java/com/jc/recommendation/model/context/ContextClauseEnforcement.java: OK
jc-recommendation-core/src/main/java/com/jc/recommendation/model/context/ContextClauseSource.java: OK
jc-recommendation-core/src/main/java/com/jc/recommendation/model/context/ContextEligibilityNotApplicableReason.java: OK
jc-recommendation-core/src/main/java/com/jc/recommendation/model/context/ContextEligibilityResult.java: OK
jc-recommendation-core/src/main/java/com/jc/recommendation/model/context/ContextEligibilityStatus.java: OK
jc-recommendation-core/src/main/java/com/jc/recommendation/model/context/ContextHardExclusionReason.java: OK
jc-recommendation-core/src/main/java/com/jc/recommendation/model/context/ContextMatchMode.java: OK
jc-recommendation-core/src/main/java/com/jc/recommendation/model/context/ContextMatchNotApplicableReason.java: OK
jc-recommendation-core/src/main/java/com/jc/recommendation/model/context/ContextMatchResult.java: OK
jc-recommendation-core/src/main/java/com/jc/recommendation/model/context/ContextMatchStatus.java: OK
jc-recommendation-core/src/main/java/com/jc/recommendation/model/context/ContextSchemaVersion.java: OK
jc-recommendation-core/src/main/java/com/jc/recommendation/model/context/ContextScope.java: OK
jc-recommendation-core/src/main/java/com/jc/recommendation/model/context/ContextSurface.java: OK
jc-recommendation-core/src/main/java/com/jc/recommendation/model/context/EvaluateContextEligibilityInput.java: OK
jc-recommendation-core/src/main/java/com/jc/recommendation/model/context/HardContextClauseBreakdown.java: OK
jc-recommendation-core/src/main/java/com/jc/recommendation/model/context/HardContextClauseEvaluationStatus.java: OK
jc-recommendation-core/src/main/java/com/jc/recommendation/model/context/RecommendationContext.java: OK
jc-recommendation-core/src/main/java/com/jc/recommendation/model/context/SoftContextClauseBreakdown.java: OK
jc-recommendation-core/src/main/java/com/jc/recommendation/model/context/SoftContextClauseEvaluationStatus.java: OK
jc-recommendation-core/src/main/java/com/jc/recommendation/model/diversity/DiversifiedCandidate.java: OK
jc-recommendation-core/src/main/java/com/jc/recommendation/model/diversity/DiversityCandidateMetadata.java: OK
jc-recommendation-core/src/main/java/com/jc/recommendation/model/diversity/DiversityDimension.java: OK
jc-recommendation-core/src/main/java/com/jc/recommendation/model/diversity/DiversityDimensionCounts.java: OK
jc-recommendation-core/src/main/java/com/jc/recommendation/model/diversity/DiversityExposureCaps.java: OK
jc-recommendation-core/src/main/java/com/jc/recommendation/model/diversity/DiversityRerankInput.java: OK
jc-recommendation-core/src/main/java/com/jc/recommendation/model/diversity/DiversityRerankResult.java: OK
jc-recommendation-core/src/main/java/com/jc/recommendation/model/diversity/DiversityRerankStatus.java: OK
jc-recommendation-core/src/main/java/com/jc/recommendation/model/diversity/DiversitySelectionReason.java: OK
jc-recommendation-core/src/main/java/com/jc/recommendation/model/entity/EngagementRawData.java: OK
jc-recommendation-core/src/main/java/com/jc/recommendation/model/entity/RecommendationEntity.java: OK
jc-recommendation-core/src/main/java/com/jc/recommendation/model/entity/RecommendationEntityStatus.java: OK
jc-recommendation-core/src/main/java/com/jc/recommendation/model/entity/RecommendationEntityType.java: OK
jc-recommendation-core/src/main/java/com/jc/recommendation/model/entity/RecommendationEntityVisibility.java: OK
jc-recommendation-core/src/main/java/com/jc/recommendation/model/evaluation/AttributeRecommendationOutcomesInput.java: OK
jc-recommendation-core/src/main/java/com/jc/recommendation/model/evaluation/AttributeRecommendationOutcomesResult.java: OK
jc-recommendation-core/src/main/java/com/jc/recommendation/model/evaluation/RecommendationAttributionAuditCategory.java: OK
jc-recommendation-core/src/main/java/com/jc/recommendation/model/evaluation/RecommendationBehaviorDuplicateAudit.java: OK
jc-recommendation-core/src/main/java/com/jc/recommendation/model/evaluation/RecommendationBehaviorDuplicateReason.java: OK
jc-recommendation-core/src/main/java/com/jc/recommendation/model/evaluation/RecommendationOutcomeAttribution.java: OK
jc-recommendation-core/src/main/java/com/jc/recommendation/model/evaluation/RecommendationOutcomeAttributionAudit.java: OK
jc-recommendation-core/src/main/java/com/jc/recommendation/model/evaluation/ResolveRecommendationBehaviorEventsResult.java: OK
jc-recommendation-core/src/main/java/com/jc/recommendation/model/evaluation/ResolvedRecommendationBehaviorEvent.java: OK
jc-recommendation-core/src/main/java/com/jc/recommendation/model/event/EventSurface.java: OK
jc-recommendation-core/src/main/java/com/jc/recommendation/model/event/EventType.java: OK
jc-recommendation-core/src/main/java/com/jc/recommendation/model/event/UserBehaviorEvent.java: OK
jc-recommendation-core/src/main/java/com/jc/recommendation/model/event/UserBehaviorEventMetadata.java: OK
jc-recommendation-core/src/main/java/com/jc/recommendation/model/exploration/ExplorationCandidateMetadata.java: OK
jc-recommendation-core/src/main/java/com/jc/recommendation/model/exploration/ExplorationCandidateOrigin.java: OK
jc-recommendation-core/src/main/java/com/jc/recommendation/model/exploration/ExplorationFinalCandidate.java: OK
jc-recommendation-core/src/main/java/com/jc/recommendation/model/exploration/ExplorationQualityComponent.java: OK
jc-recommendation-core/src/main/java/com/jc/recommendation/model/exploration/ExplorationQualityEvidence.java: OK
jc-recommendation-core/src/main/java/com/jc/recommendation/model/exploration/ExplorationQualityWeights.java: OK
jc-recommendation-core/src/main/java/com/jc/recommendation/model/exploration/ExplorationResultStatus.java: OK
jc-recommendation-core/src/main/java/com/jc/recommendation/model/exploration/ExplorationSeedAlgorithm.java: OK
jc-recommendation-core/src/main/java/com/jc/recommendation/model/exploration/ExplorationSlotDecision.java: OK
jc-recommendation-core/src/main/java/com/jc/recommendation/model/exploration/ExplorationSlotDecisionStatus.java: OK
jc-recommendation-core/src/main/java/com/jc/recommendation/model/exploration/ExplorationSummary.java: OK
jc-recommendation-core/src/main/java/com/jc/recommendation/model/exploration/InsertExplorationCandidatesInput.java: OK
jc-recommendation-core/src/main/java/com/jc/recommendation/model/exploration/InsertExplorationCandidatesResult.java: OK
jc-recommendation-core/src/main/java/com/jc/recommendation/model/exploration/InsertedExplorationCandidate.java: OK
jc-recommendation-core/src/main/java/com/jc/recommendation/model/exploration/PersonalizedExplorationCandidate.java: OK
jc-recommendation-core/src/main/java/com/jc/recommendation/model/exposure/BuildRecommendationExposureEventInput.java: OK
jc-recommendation-core/src/main/java/com/jc/recommendation/model/exposure/RecommendationExposureCandidate.java: OK
jc-recommendation-core/src/main/java/com/jc/recommendation/model/exposure/RecommendationExposureDiversitySummary.java: OK
jc-recommendation-core/src/main/java/com/jc/recommendation/model/exposure/RecommendationExposureDuplicateAudit.java: OK
jc-recommendation-core/src/main/java/com/jc/recommendation/model/exposure/RecommendationExposureDuplicateReason.java: OK
jc-recommendation-core/src/main/java/com/jc/recommendation/model/exposure/RecommendationExposureEventV1.java: OK
jc-recommendation-core/src/main/java/com/jc/recommendation/model/exposure/RecommendationExposureExplorationSlotDecision.java: OK
jc-recommendation-core/src/main/java/com/jc/recommendation/model/exposure/RecommendationExposureExplorationSummary.java: OK
jc-recommendation-core/src/main/java/com/jc/recommendation/model/exposure/RecommendationExposureOrigin.java: OK
jc-recommendation-core/src/main/java/com/jc/recommendation/model/exposure/ResolveRecommendationExposureEventsResult.java: OK
jc-recommendation-core/src/main/java/com/jc/recommendation/model/feature/EntityFeature.java: OK
jc-recommendation-core/src/main/java/com/jc/recommendation/model/feature/ExplicitPreference.java: OK
jc-recommendation-core/src/main/java/com/jc/recommendation/model/feature/FeatureDefinition.java: OK
jc-recommendation-core/src/main/java/com/jc/recommendation/model/feature/FeatureGroup.java: OK
jc-recommendation-core/src/main/java/com/jc/recommendation/model/feature/FeatureSource.java: OK
jc-recommendation-core/src/main/java/com/jc/recommendation/model/feature/FeatureStatus.java: OK
jc-recommendation-core/src/main/java/com/jc/recommendation/model/feature/FeatureValidationStatus.java: OK
jc-recommendation-core/src/main/java/com/jc/recommendation/model/feature/PreferenceKind.java: OK
jc-recommendation-core/src/main/java/com/jc/recommendation/model/freshness/CalculateFreshnessInput.java: OK
jc-recommendation-core/src/main/java/com/jc/recommendation/model/freshness/FreshnessNotApplicableReason.java: OK
jc-recommendation-core/src/main/java/com/jc/recommendation/model/freshness/FreshnessResult.java: OK
jc-recommendation-core/src/main/java/com/jc/recommendation/model/freshness/FreshnessStatus.java: OK
jc-recommendation-core/src/main/java/com/jc/recommendation/model/freshness/FreshnessTimestampSource.java: OK
jc-recommendation-core/src/main/java/com/jc/recommendation/model/integration/DiversityRankedCandidate.java: OK
jc-recommendation-core/src/main/java/com/jc/recommendation/model/integration/DiversityRankingSummary.java: OK
jc-recommendation-core/src/main/java/com/jc/recommendation/model/integration/RankCandidatesWithDiversityInput.java: OK
jc-recommendation-core/src/main/java/com/jc/recommendation/model/integration/RankCandidatesWithDiversityResult.java: OK
jc-recommendation-core/src/main/java/com/jc/recommendation/model/integration/RankCandidatesWithExplorationInput.java: OK
jc-recommendation-core/src/main/java/com/jc/recommendation/model/integration/RankCandidatesWithExplorationResult.java: OK
jc-recommendation-core/src/main/java/com/jc/recommendation/model/interest/CalculateInterestMatchInput.java: OK
jc-recommendation-core/src/main/java/com/jc/recommendation/model/interest/InterestMatchFeatureBreakdown.java: OK
jc-recommendation-core/src/main/java/com/jc/recommendation/model/interest/InterestMatchNotApplicableReason.java: OK
jc-recommendation-core/src/main/java/com/jc/recommendation/model/interest/InterestMatchResult.java: OK
jc-recommendation-core/src/main/java/com/jc/recommendation/model/interest/InterestMatchStatus.java: OK
jc-recommendation-core/src/main/java/com/jc/recommendation/model/interest/UserInterestSignal.java: OK
jc-recommendation-core/src/main/java/com/jc/recommendation/model/offline/OfflineEvaluationContracts.java: OK
jc-recommendation-core/src/main/java/com/jc/recommendation/model/popularity/CalculatePopularityInput.java: OK
jc-recommendation-core/src/main/java/com/jc/recommendation/model/popularity/PopularityEngagementSnapshot.java: OK
jc-recommendation-core/src/main/java/com/jc/recommendation/model/popularity/PopularityNotApplicableReason.java: OK
jc-recommendation-core/src/main/java/com/jc/recommendation/model/popularity/PopularityResult.java: OK
jc-recommendation-core/src/main/java/com/jc/recommendation/model/popularity/PopularityStatus.java: OK
jc-recommendation-core/src/main/java/com/jc/recommendation/model/popularity/PopularityTrustStatus.java: OK
jc-recommendation-core/src/main/java/com/jc/recommendation/model/ranking/BaseRankingSnapshot.java: OK
jc-recommendation-core/src/main/java/com/jc/recommendation/model/ranking/BuildBaseRankingSnapshotInput.java: OK
jc-recommendation-core/src/main/java/com/jc/recommendation/model/ranking/RankCandidatesInput.java: OK
jc-recommendation-core/src/main/java/com/jc/recommendation/model/ranking/RankCandidatesResult.java: OK
jc-recommendation-core/src/main/java/com/jc/recommendation/model/ranking/RankedCandidate.java: OK
jc-recommendation-core/src/main/java/com/jc/recommendation/model/ranking/RankingEmptyReason.java: OK
jc-recommendation-core/src/main/java/com/jc/recommendation/model/ranking/RankingResultStatus.java: OK
jc-recommendation-core/src/main/java/com/jc/recommendation/model/ranking/RankingSortKey.java: OK
jc-recommendation-core/src/main/java/com/jc/recommendation/model/ranking/TerminalCandidateAudit.java: OK
jc-recommendation-core/src/main/java/com/jc/recommendation/model/score/CandidateScoreHardExclusionReason.java: OK
jc-recommendation-core/src/main/java/com/jc/recommendation/model/score/CandidateScoreNotApplicableReason.java: OK
jc-recommendation-core/src/main/java/com/jc/recommendation/model/score/CandidateScoreResult.java: OK
jc-recommendation-core/src/main/java/com/jc/recommendation/model/score/CandidateScoreStatus.java: OK
jc-recommendation-core/src/main/java/com/jc/recommendation/model/score/ScoreCandidateInput.java: OK
jc-recommendation-core/src/main/java/com/jc/recommendation/model/score/ScoreComponentAvailability.java: OK
jc-recommendation-core/src/main/java/com/jc/recommendation/model/score/ScoreComponentBreakdown.java: OK
jc-recommendation-core/src/main/java/com/jc/recommendation/model/score/ScoreComponentName.java: OK
jc-recommendation-core/src/main/java/com/jc/recommendation/model/score/ScoreComponentPolicyVersions.java: OK
jc-recommendation-core/src/main/java/com/jc/recommendation/model/score/ScoreCompositionMode.java: OK
jc-recommendation-core/src/main/java/com/jc/recommendation/offline/RankingV3FullResultCollector.java: OK
jc-recommendation-core/src/main/java/com/jc/recommendation/offline/RecommendationEvaluationDecider.java: OK
jc-recommendation-core/src/main/java/com/jc/recommendation/offline/RecommendationOfflineEvaluationEngine.java: OK
jc-recommendation-core/src/main/java/com/jc/recommendation/offline/RecommendationPolicyComparator.java: OK
jc-recommendation-core/src/main/java/com/jc/recommendation/offline/RecommendationReplayEvaluator.java: OK
jc-recommendation-core/src/main/java/com/jc/recommendation/p1/evaluation/P1RankingComparison.java: OK
jc-recommendation-core/src/main/java/com/jc/recommendation/p1/evaluation/P1RankingComparisonEngine.java: OK
jc-recommendation-core/src/main/java/com/jc/recommendation/p1/policy/P1DiversityPolicy.java: OK
jc-recommendation-core/src/main/java/com/jc/recommendation/p1/policy/P1ExperimentAssignment.java: OK
jc-recommendation-core/src/main/java/com/jc/recommendation/p1/policy/P1PolicyBundle.java: OK
jc-recommendation-core/src/main/java/com/jc/recommendation/p1/policy/P1PolicySelection.java: OK
jc-recommendation-core/src/main/java/com/jc/recommendation/p1/policy/P1PolicySelector.java: OK
jc-recommendation-core/src/main/java/com/jc/recommendation/p1/policy/P1PolicySelectorInput.java: OK
jc-recommendation-core/src/main/java/com/jc/recommendation/p1/policy/P1ScorePolicy.java: OK
jc-recommendation-core/src/main/java/com/jc/recommendation/p1/policy/P1SessionContext.java: OK
jc-recommendation-core/src/main/java/com/jc/recommendation/p1/profile/BehaviorProfileBuilder.java: OK
jc-recommendation-core/src/main/java/com/jc/recommendation/p1/profile/BehaviorProfileEvent.java: OK
jc-recommendation-core/src/main/java/com/jc/recommendation/p1/profile/BehaviorProfilePolicies.java: OK
jc-recommendation-core/src/main/java/com/jc/recommendation/p1/profile/BehaviorProfilePolicy.java: OK
jc-recommendation-core/src/main/java/com/jc/recommendation/p1/profile/BehaviorProfileSnapshot.java: OK
jc-recommendation-core/src/main/java/com/jc/recommendation/p1/profile/BuildBehaviorProfileInput.java: OK
jc-recommendation-core/src/main/java/com/jc/recommendation/p1/profile/ExplicitPreference.java: OK
jc-recommendation-core/src/main/java/com/jc/recommendation/p1/profile/P1FeatureSignal.java: OK
jc-recommendation-core/src/main/java/com/jc/recommendation/p1/profile/P1FeatureVocabulary.java: OK
jc-recommendation-core/src/main/java/com/jc/recommendation/p1/profile/P1SignalSource.java: OK
jc-recommendation-core/src/main/java/com/jc/recommendation/p1/profile/UserProfileSegment.java: OK
jc-recommendation-core/src/main/java/com/jc/recommendation/p1/ranking/P1CandidateInput.java: OK
jc-recommendation-core/src/main/java/com/jc/recommendation/p1/ranking/P1RankedCandidate.java: OK
jc-recommendation-core/src/main/java/com/jc/recommendation/p1/ranking/P1RankingEngine.java: OK
jc-recommendation-core/src/main/java/com/jc/recommendation/p1/ranking/P1RankingInput.java: OK
jc-recommendation-core/src/main/java/com/jc/recommendation/p1/ranking/P1RankingResult.java: OK
jc-recommendation-core/src/main/java/com/jc/recommendation/p1/support/P1Canonical.java: OK
jc-recommendation-core/src/main/java/com/jc/recommendation/p2/P2Canonical.java: OK
jc-recommendation-core/src/main/java/com/jc/recommendation/p2/P2EvaluationContracts.java: OK
jc-recommendation-core/src/main/java/com/jc/recommendation/p2/P2EvaluationEngine.java: OK
jc-recommendation-core/src/main/java/com/jc/recommendation/p2/P2ExperimentAssigner.java: OK
jc-recommendation-core/src/main/java/com/jc/recommendation/p2/P2Policies.java: OK
jc-recommendation-core/src/main/java/com/jc/recommendation/p2/P2ReleaseStateMachine.java: OK
jc-recommendation-core/src/main/java/com/jc/recommendation/policy/CandidateLimitPolicies.java: OK
jc-recommendation-core/src/main/java/com/jc/recommendation/policy/CandidateLimitPolicy.java: OK
jc-recommendation-core/src/main/java/com/jc/recommendation/policy/ColdStartPolicy.java: OK
jc-recommendation-core/src/main/java/com/jc/recommendation/policy/ContextPolicy.java: OK
jc-recommendation-core/src/main/java/com/jc/recommendation/policy/DiversityEnabledRankingPolicy.java: OK
jc-recommendation-core/src/main/java/com/jc/recommendation/policy/DiversityPolicies.java: OK
jc-recommendation-core/src/main/java/com/jc/recommendation/policy/DiversityPolicy.java: OK
jc-recommendation-core/src/main/java/com/jc/recommendation/policy/EventWeightPolicy.java: OK
jc-recommendation-core/src/main/java/com/jc/recommendation/policy/ExplorationEnabledRankingPolicy.java: OK
jc-recommendation-core/src/main/java/com/jc/recommendation/policy/ExplorationPolicies.java: OK
jc-recommendation-core/src/main/java/com/jc/recommendation/policy/ExplorationPolicy.java: OK
jc-recommendation-core/src/main/java/com/jc/recommendation/policy/FoundationPolicies.java: OK
jc-recommendation-core/src/main/java/com/jc/recommendation/policy/FreshnessPolicy.java: OK
jc-recommendation-core/src/main/java/com/jc/recommendation/policy/InterestMatchPolicy.java: OK
jc-recommendation-core/src/main/java/com/jc/recommendation/policy/OfflineEvaluationPolicies.java: OK
jc-recommendation-core/src/main/java/com/jc/recommendation/policy/OfflineEvaluationPolicy.java: OK
jc-recommendation-core/src/main/java/com/jc/recommendation/policy/PopularityPolicy.java: OK
jc-recommendation-core/src/main/java/com/jc/recommendation/policy/PopularitySignalWeights.java: OK
jc-recommendation-core/src/main/java/com/jc/recommendation/policy/RankingIntegrationPolicies.java: OK
jc-recommendation-core/src/main/java/com/jc/recommendation/policy/RankingPolicies.java: OK
jc-recommendation-core/src/main/java/com/jc/recommendation/policy/RankingPolicy.java: OK
jc-recommendation-core/src/main/java/com/jc/recommendation/policy/RecommendationTracePolicies.java: OK
jc-recommendation-core/src/main/java/com/jc/recommendation/policy/RecommendationTracePolicy.java: OK
jc-recommendation-core/src/main/java/com/jc/recommendation/policy/RepeatDecayPolicy.java: OK
jc-recommendation-core/src/main/java/com/jc/recommendation/policy/SaturationPolicy.java: OK
jc-recommendation-core/src/main/java/com/jc/recommendation/policy/ScoreCompositionPolicy.java: OK
jc-recommendation-core/src/main/java/com/jc/recommendation/policy/ScoringPolicies.java: OK
jc-recommendation-core/src/main/java/com/jc/recommendation/policy/SourcePriorityPolicy.java: OK
jc-recommendation-core/src/main/java/com/jc/recommendation/policy/TimeDecayBucket.java: OK
jc-recommendation-core/src/main/java/com/jc/recommendation/policy/TimeDecayPolicy.java: OK
jc-recommendation-core/src/main/java/com/jc/recommendation/policy/VersionedPolicy.java: OK
jc-recommendation-core/src/main/java/com/jc/recommendation/popularity/PopularityCalculator.java: OK
jc-recommendation-core/src/main/java/com/jc/recommendation/ranking/BaseRankingSnapshotBuilder.java: OK
jc-recommendation-core/src/main/java/com/jc/recommendation/ranking/CandidateRanker.java: OK
jc-recommendation-core/src/main/java/com/jc/recommendation/ranking/RankingContracts.java: OK
jc-recommendation-core/src/main/java/com/jc/recommendation/ranking/RankingCursorCodec.java: OK
jc-recommendation-core/src/main/java/com/jc/recommendation/saturation/ScoreSaturation.java: OK
jc-recommendation-core/src/main/java/com/jc/recommendation/scoring/CandidateScorer.java: OK
jc-recommendation-core/src/main/java/com/jc/recommendation/scoring/ScoreCompositionContracts.java: OK
jc-recommendation-core/src/main/java/com/jc/recommendation/state/FinalState.java: OK
jc-recommendation-core/src/main/java/com/jc/recommendation/state/IgnoredStateEvent.java: OK
jc-recommendation-core/src/main/java/com/jc/recommendation/state/IgnoredStateEventReason.java: OK
jc-recommendation-core/src/main/java/com/jc/recommendation/state/ResolveStateEventsResult.java: OK
jc-recommendation-core/src/main/java/com/jc/recommendation/state/StateEventResolver.java: OK
jc-recommendation-core/src/main/java/com/jc/recommendation/support/StrictUtc.java: OK
jc-recommendation-core/src/main/java/com/jc/recommendation/support/StrictUtcMilliseconds.java: OK
jc-recommendation-core/src/main/java/com/jc/recommendation/support/Utf16CodeUnitComparator.java: OK
jc-recommendation-core/src/main/java/com/jc/recommendation/vocabulary/FeatureVocabularyV1.java: OK
jc-backend/src/main/java/com/jc/backend/recommendation/RecommendationCandidateRow.java: OK
jc-backend/src/main/java/com/jc/backend/recommendation/RecommendationCandidateSource.java: OK
jc-backend/src/main/java/com/jc/backend/recommendation/RecommendationCoreCandidate.java: OK
jc-backend/src/main/java/com/jc/backend/recommendation/RecommendationCoreInputMapper.java: OK
jc-backend/src/main/java/com/jc/backend/recommendation/api/RecommendationBehaviorController.java: OK
jc-backend/src/main/java/com/jc/backend/recommendation/api/RecommendationBehaviorDtos.java: OK
jc-backend/src/main/java/com/jc/backend/recommendation/api/RecommendationPreferenceController.java: OK
jc-backend/src/main/java/com/jc/backend/recommendation/api/RecommendationPreferenceDtos.java: OK
jc-backend/src/main/java/com/jc/backend/recommendation/application/RecommendationBehaviorService.java: OK
jc-backend/src/main/java/com/jc/backend/recommendation/application/RecommendationCanaryReadinessService.java: OK
jc-backend/src/main/java/com/jc/backend/recommendation/application/RecommendationCanaryService.java: OK
jc-backend/src/main/java/com/jc/backend/recommendation/application/RecommendationCanonicalPayload.java: OK
jc-backend/src/main/java/com/jc/backend/recommendation/application/RecommendationCorePipeline.java: OK
jc-backend/src/main/java/com/jc/backend/recommendation/application/RecommendationCursorCodec.java: OK
jc-backend/src/main/java/com/jc/backend/recommendation/application/RecommendationFeedService.java: OK
jc-backend/src/main/java/com/jc/backend/recommendation/application/RecommendationModeDecider.java: OK
jc-backend/src/main/java/com/jc/backend/recommendation/application/RecommendationOrchestrationService.java: OK
jc-backend/src/main/java/com/jc/backend/recommendation/application/RecommendationP1ModeDecider.java: OK
jc-backend/src/main/java/com/jc/backend/recommendation/application/RecommendationP1RuntimeService.java: OK
jc-backend/src/main/java/com/jc/backend/recommendation/application/RecommendationPostInteractionService.java: OK
jc-backend/src/main/java/com/jc/backend/recommendation/application/RecommendationPreferenceService.java: OK
jc-backend/src/main/java/com/jc/backend/recommendation/application/RecommendationReplayService.java: OK
jc-backend/src/main/java/com/jc/backend/recommendation/application/RecommendationSessionIds.java: OK
jc-backend/src/main/java/com/jc/backend/recommendation/application/RecommendationShadowService.java: OK
jc-backend/src/main/java/com/jc/backend/recommendation/config/RecommendationP1Properties.java: OK
jc-backend/src/main/java/com/jc/backend/recommendation/config/RecommendationP2Properties.java: OK
jc-backend/src/main/java/com/jc/backend/recommendation/config/RecommendationProperties.java: OK
jc-backend/src/main/java/com/jc/backend/recommendation/p1/RecommendationP1CandidateMapper.java: OK
jc-backend/src/main/java/com/jc/backend/recommendation/p1/RecommendationP1CandidateSource.java: OK
jc-backend/src/main/java/com/jc/backend/recommendation/p1/RecommendationP1EvidenceStore.java: OK
jc-backend/src/main/java/com/jc/backend/recommendation/p1/RecommendationP1ProfileSource.java: OK
jc-backend/src/main/java/com/jc/backend/recommendation/p2/RecommendationP2AssignmentService.java: OK
jc-backend/src/main/java/com/jc/backend/recommendation/p2/RecommendationP2AssignmentStore.java: OK
jc-backend/src/main/java/com/jc/backend/recommendation/p2/RecommendationP2EvaluationService.java: OK
jc-backend/src/main/java/com/jc/backend/recommendation/p2/RecommendationP2EvaluationStore.java: OK
jc-backend/src/main/java/com/jc/backend/recommendation/p2/RecommendationP2ObservationSource.java: OK
jc-backend/src/main/java/com/jc/backend/recommendation/persistence/RecommendationBehaviorStore.java: OK
jc-backend/src/main/java/com/jc/backend/recommendation/persistence/RecommendationExposureStore.java: OK
jc-backend/src/main/java/com/jc/backend/recommendation/persistence/RecommendationHashing.java: OK
jc-backend/src/main/java/com/jc/backend/recommendation/persistence/RecommendationPostInteractionStore.java: OK
jc-backend/src/main/java/com/jc/backend/recommendation/persistence/RecommendationReplayAuditStore.java: OK
jc-backend/src/main/java/com/jc/backend/recommendation/persistence/RecommendationReplayStore.java: OK
jc-backend/src/main/java/com/jc/backend/recommendation/persistence/RecommendationRunStore.java: OK
jc-backend/src/main/java/com/jc/backend/recommendation/persistence/RecommendationSnapshotStore.java: OK
jc-backend/src/main/java/com/jc/backend/recommendation/persistence/RecommendationStorageTypes.java: OK
database/journey-connect-db-v2.7/01_initial_schema.sql: OK
database/journey-connect-db-v2.7/02_seed.sql: OK
database/journey-connect-db-v2.7/03_smoke_test.sql: OK
database/journey-connect-db-v2.7/04_admin_support.sql: OK
database/journey-connect-db-v2.7/05_security_roles.sql: OK
database/journey-connect-db-v2.7/06_security_smoke_test.sql: OK
database/journey-connect-db-v2.7/07_recommendation_storage.sql: OK
database/journey-connect-db-v2.7/08_recommendation_security_roles.sql: OK
database/journey-connect-db-v2.7/09_recommendation_smoke_test.sql: OK
database/journey-connect-db-v2.7/10_backend_runtime.sql: OK
database/journey-connect-db-v2.7/11_backend_runtime_security_roles.sql: OK
database/journey-connect-db-v2.7/12_backend_runtime_smoke_test.sql: OK
database/journey-connect-db-v2.7/13_backend_role_routing.sql: OK
database/journey-connect-db-v2.7/14_backend_role_routing_smoke_test.sql: OK
database/journey-connect-db-v2.7/15_backend_role_runtime_fix.sql: OK
database/journey-connect-db-v2.7/16_backend_role_runtime_fix_smoke_test.sql: OK
database/journey-connect-db-v2.7/17_recommendation_run_exploration_partition_fix.sql: OK
database/journey-connect-db-v2.7/18_recommendation_run_exploration_partition_fix_smoke_test.sql: OK
database/journey-connect-db-v2.7/19_recommendation_replay_audit.sql: OK
database/journey-connect-db-v2.7/20_recommendation_replay_audit_smoke_test.sql: OK
database/journey-connect-db-v2.7/21_recommendation_behavior_runtime.sql: OK
database/journey-connect-db-v2.7/22_recommendation_behavior_runtime_smoke_test.sql: OK
database/journey-connect-db-v2.7/23_recommendation_p1_profile_policy.sql: OK
database/journey-connect-db-v2.7/24_recommendation_p1_profile_policy_smoke_test.sql: OK
database/journey-connect-db-v2.7/25_recommendation_p2_evaluation_release.sql: OK
database/journey-connect-db-v2.7/26_recommendation_p2_evaluation_release_smoke_test.sql: OK
jc-recommendation-core/src/test/resources/golden/foundation-wave1-v1.json: OK
jc-recommendation-core/src/test/resources/golden/wave2-scoring-v1.json: OK
jc-recommendation-core/src/test/resources/golden/wave3-base-ranking-v1.json: OK
jc-recommendation-core/src/test/resources/golden/wave3-diversity-v1.json: OK
jc-recommendation-core/src/test/resources/golden/wave3-exploration-v1.json: OK
jc-recommendation-core/src/test/resources/golden/wave4-ranking-integration-v1.json: OK
jc-recommendation-core/src/test/resources/golden/wave5-exposure-v1.json: OK
jc-recommendation-core/src/test/resources/golden/wave6-attribution-v1.json: OK
jc-recommendation-core/src/test/resources/golden/wave7-offline-evaluation-v1.json: OK
