PASS	default_enabled_false	
PASS	default_kill_switch_true	
PASS	default_sampling_zero	
PASS	approved_maximum_10	
PASS	sampling_above_10_rejected	
PASS	property_activationApprovalRef	
PASS	property_activationApproverRef	
PASS	property_activationExecutorRef	
PASS	property_rollbackOwnerRef	
PASS	property_metricVerificationRef	
PASS	property_activationWindowStart	
PASS	property_activationWindowEnd	
PASS	activation_requires_allowlist	
PASS	activation_requires_approval	
PASS	activation_requires_approver	
PASS	activation_requires_executor	
PASS	activation_requires_rollback	
PASS	activation_requires_metric	
PASS	activation_requires_window	
PASS	window_start_before_end	
PASS	runtime_window_gate	
PASS	window_before_identity	
PASS	disabled_before_identity	
PASS	kill_before_identity	
PASS	zero_sample_before_identity	
PASS	controller_legacy_authority	
PASS	controller_no_properties	
PASS	ip125_task	
PASS	ci_runs_ip125	
PASS	application-prod.yml_safe_enabled	
PASS	application-prod.yml_safe_kill	
PASS	application-prod.yml_safe_sample	
PASS	application-prod.yml_empty_hashes	
PASS	application-prod.yml_no_fixture_hash	
PASS	application-production.yml_safe_enabled	
PASS	application-production.yml_safe_kill	
PASS	application-production.yml_safe_sample	
PASS	application-production.yml_empty_hashes	
PASS	application-production.yml_no_fixture_hash	
PASS	doc_IP-12-5-INTERNAL-PILOT-ACTIVATION-READINESS.md	
PASS	doc_IP-12-5-ACTIVATION-AND-ROLLBACK-RUNBOOK.md	
PASS	doc_IP-12-5-PILOT-EVIDENCE-TEMPLATES.md	
PASS	doc_IP-12-5-GO-NO-GO-DECISION.md	
PASS	doc_IP-12-5-HANDOFF.md	
PASS	final_decision_hold	
PASS	production_disabled	
PASS	effective_zero	
PASS	cohort_empty	
PASS	no_account_hash_in_docs	
PASS	sql_count_28	
PASS	no_sql_29	
SUMMARY	51/51 PASS	0 FAIL
