=== JAVA VERSION ===
openjdk version "21.0.10" 2026-01-20
OpenJDK Runtime Environment (build 21.0.10+7-Debian-1deb13u1)
OpenJDK 64-Bit Server VM (build 21.0.10+7-Debian-1deb13u1, mixed mode, sharing)
=== DIRECT REGRESSION ===
DIRECT_COMPILE_PASS sources=584
=== com.jc.intelligence.contract.IntelligenceContractsContractTest ===
IP-1 intelligence contract checks passed: 739
=== com.jc.intelligence.contract.search.SearchDomainContractsContractTest ===
Search Domain contract assertions PASS: 425
=== com.jc.intelligence.compat.search.explore.LegacyExploreCompatibilityContractTest ===
Search compatibility contract assertions PASS: 584
=== com.jc.intelligence.runtime.search.SearchRuntimeContractTest ===
IP-5 Search runtime foundation assertions: 850 PASS
=== com.jc.intelligence.integration.search.SearchIntegrationContractTest ===
IP-6 Search integration boundary assertions: 972 PASS
=== com.jc.intelligence.wiring.search.SearchShadowWiringContractTest ===
IP-7 Search shadow wiring assertions: 1700 PASS
=== com.jc.intelligence.readiness.search.SearchShadowReadinessContractTest ===
IP-8 Search shadow readiness/regression assertions: 2562 PASS
=== com.jc.intelligence.production.search.ProductionShadowTechnicalContractTest ===
IP-11.5 production shadow technical assertions: 146 PASS
=== com.jc.recommendation.foundation.CoreFoundationContractTest ===
Java recommendation core foundation contract: PASS
=== com.jc.recommendation.foundation.CoreWave1ContractTest ===
Java recommendation core Wave 1 contract: PASS
=== com.jc.recommendation.foundation.CoreWave2ScoringContractTest ===
Java recommendation core Wave 2 scoring contract: PASS
=== com.jc.recommendation.foundation.CoreWave3RankingDiversityContractTest ===
Java recommendation core Wave 3 ranking/diversity contract: PASS
=== com.jc.recommendation.foundation.CoreWave3ExplorationContractTest ===
Java recommendation core Wave 3 exploration contract: PASS
=== com.jc.recommendation.foundation.CoreWave4RankingIntegrationContractTest ===
Java recommendation core Wave 4 ranking integration contract: PASS
=== com.jc.recommendation.foundation.CoreWave5ExposureContractTest ===
Java recommendation core Wave 5 exposure contract: PASS
=== com.jc.recommendation.foundation.CoreWave6AttributionContractTest ===
Java recommendation core Wave 6 behavior and attribution contract: PASS
=== com.jc.recommendation.foundation.CoreWave7OfflineEvaluationContractTest ===
Java recommendation core Wave 7 offline evaluation contract: PASS
=== com.jc.recommendation.foundation.JavaCoreGoldenFixtureContractTest ===
Java recommendation core committed golden fixtures: PASS
=== com.jc.recommendation.foundation.JavaCoreIsolationContractTest ===
Java recommendation core framework isolation: PASS
=== com.jc.recommendation.p1.P1CoreContractTest ===
P1 core contract: PASS (17 scenarios)
=== com.jc.recommendation.p2.P2CoreContractTest ===
P2 core contract: PASS (23 scenarios)
